[main] INFO Self.Inc - ***********Launching Browser********************
[main] INFO Self.Inc - ***********Browser Launched********************
[main] INFO Self.Inc - ***********Maximize Window********************
[main] INFO Self.Inc - ***********Opening URL********************
[main] INFO  Self.Inc  - ***********Launching Browser********************
[main] INFO  Self.Inc  - ***********Browser Launched********************
[main] INFO  Self.Inc  - ***********Maximize Window********************
[main] INFO  Self.Inc  - ***********Opening URL********************
[main] INFO  Self.Inc  - ***********Launching Browser********************
[main] INFO  Self.Inc  - ***********Browser Launched********************
[main] INFO  Self.Inc  - ***********Maximize Window********************
[main] INFO  Self.Inc  - ***********Opening URL********************
[main] INFO  Self.Inc  - ***********Launching Browser********************
[main] INFO  Self.Inc  - ***********Browser Launched********************
[main] INFO  Self.Inc  - ***********Maximize Window********************
[main] INFO  Self.Inc  - ***********Opening URL********************
[main] INFO  Self.Inc  - ***********Launching Browser********************
[main] INFO  Self.Inc  - ***********Browser Launched********************
[main] INFO  Self.Inc  - ***********Maximize Window********************
[main] INFO  Self.Inc  - ***********Opening URL********************
[main] INFO  Self.Inc  - ***********Launching Browser********************
[main] INFO  Self.Inc  - ***********Browser Launched********************
[main] INFO  Self.Inc  - ***********Maximize Window********************
[main] INFO  Self.Inc  - ***********Opening URL********************
[main] INFO  Self.Inc  - ***********Launching Browser********************
[main] INFO  Self.Inc  - ***********Browser Launched********************
[main] INFO  Self.Inc  - ***********Maximize Window********************
[main] INFO  Self.Inc  - ***********Opening URL********************
[main] INFO  Self.Inc  - ***********Launching Browser********************
[main] INFO  Self.Inc  - ***********Browser Launched********************
[main] INFO  Self.Inc  - ***********Maximize Window********************
[main] INFO  Self.Inc  - ***********Opening URL********************
[main] INFO  Self.Inc  - ***********Launching Browser********************
[main] INFO  Self.Inc  - ***********Browser Launched********************
[main] INFO  Self.Inc  - ***********Maximize Window********************
[main] INFO  Self.Inc  - ***********Opening URL********************
[main] INFO  Self.Inc  - ***********Launching Browser********************
[main] INFO  Self.Inc  - ***********Browser Launched********************
[main] INFO  Self.Inc  - ***********Maximize Window********************
[main] INFO  Self.Inc  - ***********Opening URL********************
[main] INFO  Self.Inc  - ***********Launching Browser********************
[main] INFO  Self.Inc  - ***********Browser Launched********************
[main] INFO  Self.Inc  - ***********Maximize Window********************
[main] INFO  Self.Inc  - ***********Opening URL********************
[main] INFO  Self.Inc  - ***********Launching Browser********************
[main] INFO  Self.Inc  - ***********Browser Launched********************
[main] INFO  Self.Inc  - ***********Maximize Window********************
[main] INFO  Self.Inc  - ***********Opening URL********************
[main] INFO  Self.Inc  - ***********Launching Browser********************
[main] INFO  Self.Inc  - ***********Browser Launched********************
[main] INFO  Self.Inc  - ***********Maximize Window********************
[main] INFO  Self.Inc  - ***********Opening URL********************
[main] INFO  Self.Inc  - ***********Launching Browser********************
[main] INFO  Self.Inc  - ***********Browser Launched********************
[main] INFO  Self.Inc  - ***********Maximize Window********************
[main] INFO  Self.Inc  - ***********Opening URL********************
[main] INFO  Self.Inc  - ***********Launching Browser********************
[main] INFO  Self.Inc  - ***********Browser Launched********************
[main] INFO  Self.Inc  - ***********Maximize Window********************
[main] INFO  Self.Inc  - ***********Opening URL********************
[main] INFO  Self.Inc  - ***********Launching Browser********************
[main] INFO  Self.Inc  - ***********Browser Launched********************
[main] INFO  Self.Inc  - ***********Maximize Window********************
[main] INFO  Self.Inc  - ***********Opening URL********************
[main] INFO  Self.Inc  - ***********Launching Browser********************
[main] INFO  Self.Inc  - ***********Browser Launched********************
[main] INFO  Self.Inc  - ***********Maximize Window********************
[main] INFO  Self.Inc  - ***********Opening URL********************
[main] INFO  Self.Inc  - ***********Launching Browser********************
[main] INFO  Self.Inc  - ***********Browser Launched********************
[main] INFO  Self.Inc  - ***********Maximize Window********************
[main] INFO  Self.Inc  - ***********Opening URL********************
[main] INFO  Self.Inc  - ***********Launching Browser********************
[main] INFO  Self.Inc  - ***********Browser Launched********************
[main] INFO  Self.Inc  - ***********Maximize Window********************
[main] INFO  Self.Inc  - ***********Opening URL********************
[main] INFO  Self.Inc  - ***********Launching Browser********************
[main] INFO  Self.Inc  - ***********Browser Launched********************
[main] INFO  Self.Inc  - ***********Maximize Window********************
[main] INFO  Self.Inc  - ***********Opening URL********************
[main] INFO  Self.Inc  - ***********Launching Browser********************
[main] INFO  Self.Inc  - ***********Browser Launched********************
[main] INFO  Self.Inc  - ***********Maximize Window********************
[main] INFO  Self.Inc  - ***********Opening URL********************
[main] INFO  Self.Inc  - ***********Launching Browser********************
[main] INFO  Self.Inc  - ***********Browser Launched********************
[main] INFO  Self.Inc  - ***********Maximize Window********************
[main] INFO  Self.Inc  - ***********Opening URL********************
[main] INFO  Self.Inc  - ***********Launching Browser********************
[main] INFO  Self.Inc  - ***********Browser Launched********************
[main] INFO  Self.Inc  - ***********Maximize Window********************
[main] INFO  Self.Inc  - ***********Opening URL********************
[main] INFO  Self.Inc  - ***********Launching Browser********************
[main] INFO  Self.Inc  - ***********Browser Launched********************
[main] INFO  Self.Inc  - ***********Maximize Window********************
[main] INFO  Self.Inc  - ***********Opening URL********************
[main] INFO  Self.Inc  - ***********Launching Browser********************
[main] INFO  Self.Inc  - ***********Browser Launched********************
[main] INFO  Self.Inc  - ***********Maximize Window********************
[main] INFO  Self.Inc  - ***********Opening URL********************
[main] INFO  Self.Inc  - ***********Launching Browser********************
[main] INFO  Self.Inc  - ***********Browser Launched********************
[main] INFO  Self.Inc  - ***********Maximize Window********************
[main] INFO  Self.Inc  - ***********Opening URL********************
[main] INFO  Self.Inc  - ***********Launching Browser********************
[main] INFO  Self.Inc  - ***********Browser Launched********************
[main] INFO  Self.Inc  - ***********Maximize Window********************
[main] INFO  Self.Inc  - ***********Opening URL********************
[main] INFO  Self.Inc  - ***********Launching Browser********************
[main] INFO  Self.Inc  - ***********Browser Launched********************
[main] INFO  Self.Inc  - ***********Maximize Window********************
[main] INFO  Self.Inc  - ***********Opening URL********************
[main] INFO  Self.Inc  - ***********Enter Address********************
[main] INFO  Self.Inc  - ***********Enter Location Details********************
[main] INFO  Self.Inc  - ***********Enter Contact Info********************
[main] INFO  Self.Inc  - ***********Enter DOB********************
[main] INFO  Self.Inc  - ***********Click Submit Button********************
[main] INFO  Self.Inc  - ***********Views Personal Info********************
[main] INFO  Self.Inc  - ************Validates Confirmation Msg*******************
[main] INFO  Self.Inc  - ***********Click Button********************
[main] INFO  Self.Inc  - **********View Success! Msg********************
[main] INFO  Self.Inc  - ***********Close Driver********************
[main] INFO  Self.Inc  - ***********Launching Browser********************
[main] INFO  Self.Inc  - ***********Browser Launched********************
[main] INFO  Self.Inc  - ***********Maximize Window********************
[main] INFO  Self.Inc  - ***********Opening URL********************
[main] INFO  Self.Inc  - ***********Enter Address********************
[main] INFO  Self.Inc  - ***********Enter Location Details********************
[main] INFO  Self.Inc  - ***********Enter Contact Info********************
[main] INFO  Self.Inc  - ***********Enter DOB********************
[main] INFO  Self.Inc  - ***********Click Submit Button********************
[main] INFO  Self.Inc  - ***********Views Personal Info********************
[main] INFO  Self.Inc  - ***********Launching Browser********************
[main] INFO  Self.Inc  - ***********Browser Launched********************
[main] INFO  Self.Inc  - ***********Maximize Window********************
[main] INFO  Self.Inc  - ***********Opening URL********************
[main] INFO  Self.Inc  - ***********Enter Address********************
[main] INFO  Self.Inc  - ***********Enter Location Details********************
[main] INFO  Self.Inc  - ***********Enter Contact Info********************
[main] INFO  Self.Inc  - ***********Enter DOB********************
[main] INFO  Self.Inc  - ***********Click Submit Button********************
[main] INFO  Self.Inc  - ***********Views Personal Info********************
[main] INFO  Self.Inc  - ************Validates Confirmation Msg*******************
[main] INFO  Self.Inc  - ***********Click Button********************
[main] INFO  Self.Inc  - **********View Success! Msg********************
[main] INFO  Self.Inc  - ***********Close Driver********************
[main] INFO  Self.Inc  - ***********Launching Browser********************
[main] INFO  Self.Inc  - ***********Browser Launched********************
[main] INFO  Self.Inc  - ***********Maximize Window********************
[main] INFO  Self.Inc  - ***********Opening URL********************
[main] INFO  Self.Inc  - ***********Enter Address********************
[main] INFO  Self.Inc  - ***********Enter Location Details********************
[main] INFO  Self.Inc  - ***********Enter Contact Info********************
[main] INFO  Self.Inc  - ***********Enter DOB********************
[main] INFO  Self.Inc  - ***********Click Submit Button********************
[main] INFO  Self.Inc  - ***********Views Personal Info********************
[main] INFO  Self.Inc  - ************Validates Confirmation Msg*******************
[main] INFO  Self.Inc  - ***********Click Button********************
[main] INFO  Self.Inc  - **********View Success! Msg********************
[main] INFO  Self.Inc  - ***********Close Driver********************
[main] INFO  Self.Inc  - ***********Launching Browser********************
[main] INFO  Self.Inc  - ***********Browser Launched********************
[main] INFO  Self.Inc  - ***********Maximize Window********************
[main] INFO  Self.Inc  - ***********Opening URL********************
[main] INFO  Self.Inc  - ***********Enter Address********************
[main] INFO  Self.Inc  - ***********Enter Location Details********************
[main] INFO  Self.Inc  - ***********Enter Contact Info********************
[main] INFO  Self.Inc  - ***********Enter DOB********************
[main] INFO  Self.Inc  - ***********Click Submit Button********************
[main] INFO  Self.Inc  - ***********Views Personal Info********************
[main] INFO  Self.Inc  - ************Validates Confirmation Msg*******************
[main] INFO  Self.Inc  - ***********Click Button********************
[main] INFO  Self.Inc  - **********View Success! Msg********************
[main] INFO  Self.Inc  - ***********Close Driver********************
